greenlane_enterprisesltd@cloudshell:~ (greenlane-cloud-solutions)$ gcloud builds submit --config cloudbuild.yaml
Creating temporary archive of 72283 file(s) totalling 1.6 GiB before compression.
Uploading tarball of [.] to [gs://greenlane-cloud-solutions_cloudbuild/source/1745333995.41254-83f2170d1bf1485f90683dacb01c686e.tgz]
Created [https://cloudbuild.googleapis.com/v1/projects/greenlane-cloud-solutions/locations/global/builds/5267beb4-5b92-4c82-98b4-a6251efc781d].
Logs are available at [ https://console.cloud.google.com/cloud-build/builds/5267beb4-5b92-4c82-98b4-a6251efc781d?project=869018523985 ].
Waiting for build to complete. Polling interval: 1 second(s).
------------------------------------------------------------------------------- REMOTE BUILD OUTPUT -------------------------------------------------------------------------------
starting build "5267beb4-5b92-4c82-98b4-a6251efc781d"

FETCHSOURCE
Fetching storage object: gs://greenlane-cloud-solutions_cloudbuild/source/1745333995.41254-83f2170d1bf1485f90683dacb01c686e.tgz#1745334493254536
Copying gs://greenlane-cloud-solutions_cloudbuild/source/1745333995.41254-83f2170d1bf1485f90683dacb01c686e.tgz#1745334493254536...
| [1 files][421.3 MiB/421.3 MiB]                                                
Operation completed over 1 objects/421.3 MiB.
BUILD
Starting Step #0
Step #0: Already have image (with digest): gcr.io/cloud-builders/docker
Step #0: unable to prepare context: unable to evaluate symlinks in Dockerfile path: lstat /workspace/Dockerfile: no such file or directory
Finished Step #0
ERROR
ERROR: build step 0 "gcr.io/cloud-builders/docker" failed: step exited with non-zero status: 1
-----------------------------------------------------------------------------------------------------------------------------------------------------------------------------------

BUILD FAILURE: Build step failure: build step 0 "gcr.io/cloud-builders/docker" failed: step exited with non-zero status: 1
ERROR: (gcloud.builds.submit) build 5267beb4-5b92-4c82-98b4-a6251efc781d completed with status "FAILURE"